<?xml version="1.0" encoding="UTF-8"?>
<!-- Generated by org.testng.reporters.JUnitXMLReporter -->
<testsuite ignored="0" hostname="DESKTOP-VKFFR14" failures="1" tests="1" name="LoginTest" time="5.408" errors="0" timestamp="09 Feb 2021 21:29:14 GMT">
  <testcase classname="SoftwareTestingAssesment.TestCases.LoginTest" name="loginDemoSite" time="4.95">
    <failure type="java.lang.AssertionError" message="expected [true] but found [false]">
      <![CDATA[java.lang.AssertionError: expected [true] but found [false]
at SoftwareTestingAssesment.TestCases.LoginTest.loginDemoSite(LoginTest.java:28)
... Removed 32 stack frames]]>
    </failure>
  </testcase> <!-- loginDemoSite -->
</testsuite> <!-- LoginTest -->
