<?xml version="1.0" encoding="UTF-8"?>
<testsuite name="TestSuite" time="609.425" tests="3" errors="0" skipped="2" failures="1">
  <properties>
[...]
</properties>
  <testcase name="setUp" classname="SoftwareTestingAssesment.TestCases.LoginTest" time="609.425">
    <failure message="session not created&#10;from timeout: Timed out receiving message from renderer: 600.000&#10;  (Session info: chrome=87.0.4280.141)&#10;Build info: version: &apos;3.141.59&apos;, revision: &apos;e82be7d358&apos;, time: &apos;2018-11-14T08:17:03&apos;&#10;System info: host: &apos;DESKTOP-VKFFR14&apos;, ip: &apos;192.168.101.245&apos;, os.name: &apos;Windows 10&apos;, os.arch: &apos;amd64&apos;, os.version: &apos;10.0&apos;, java.version: &apos;11&apos;&#10;Driver info: driver.version: ChromeDriver&#10;remote stacktrace: Backtrace:&#10;	Ordinal0 [0x00F5C0C3+3326147]&#10;	Ordinal0 [0x00E40851+2164817]&#10;	Ordinal0 [0x00CC7298+619160]&#10;	Ordinal0 [0x00CBB17F+569727]&#10;	Ordinal0 [0x00CBA421+566305]&#10;	Ordinal0 [0x00CBA815+567317]&#10;	Ordinal0 [0x00CBA135+565557]&#10;	Ordinal0 [0x00CC38B1+604337]&#10;	Ordinal0 [0x00CBA0F1+565489]&#10;	Ordinal0 [0x00CBAEA2+568994]&#10;	Ordinal0 [0x00CBA421+566305]&#10;	Ordinal0 [0x00CBA815+567317]&#10;	Ordinal0 [0x00CBA135+565557]&#10;	Ordinal0 [0x00CC1D2C+597292]&#10;	Ordinal0 [0x00CBA0F1+565489]&#10;	Ordinal0 [0x00CBAEA2+568994]&#10;	Ordinal0 [0x00CBA421+566305]&#10;	Ordinal0 [0x00CBA815+567317]&#10;	Ordinal0 [0x00CBA135+565557]&#10;	Ordinal0 [0x00CBFE62+589410]&#10;	Ordinal0 [0x00CBA0F1+565489]&#10;	Ordinal0 [0x00CBAEA2+568994]&#10;	Ordinal0 [0x00CBA421+566305]&#10;	Ordinal0 [0x00CBA815+567317]&#10;	Ordinal0 [0x00CBA135+565557]&#10;	Ordinal0 [0x00CBF075+585845]&#10;	Ordinal0 [0x00CBA0F1+565489]&#10;	Ordinal0 [0x00CBAEA2+568994]&#10;	Ordinal0 [0x00CBA421+566305]&#10;	Ordinal0 [0x00CBA815+567317]&#10;	Ordinal0 [0x00CBA135+565557]&#10;	Ordinal0 [0x00CB6776+550774]&#10;	Ordinal0 [0x00CBA0F1+565489]&#10;	Ordinal0 [0x00CB9F13+565011]&#10;	Ordinal0 [0x00CB9D07+564487]&#10;	Ordinal0 [0x00CC82C0+623296]&#10;	Ordinal0 [0x00C66BDD+224221]&#10;	Ordinal0 [0x00C65CAC+220332]&#10;	Ordinal0 [0x00C6189B+202907]&#10;	Ordinal0 [0x00C43DF4+81396]&#10;	Ordinal0 [0x00C44DEE+85486]&#10;	Ordinal0 [0x00C44D79+85369]&#10;	Ordinal0 [0x00E585DC+2262492]&#10;	GetHandleVerifier [0x010E2874+1487204]&#10;	GetHandleVerifier [0x010E23CD+1486013]&#10;	GetHandleVerifier [0x010EA368+1518680]&#10;	GetHandleVerifier [0x010E2F4E+1488958]&#10;	Ordinal0 [0x00E4ED0D+2223373]&#10;	Ordinal0 [0x00E5A12B+2269483]&#10;	Ordinal0 [0x00E5A26F+2269807]&#10;	Ordinal0 [0x00E6ECB8+2354360]&#10;	BaseThreadInitThunk [0x7693FA29+25]&#10;	RtlGetAppContainerNamedObjectPath [0x77BF75F4+228]&#10;	RtlGetAppContainerNamedObjectPath [0x77BF75C4+180]&#10;" type="org.openqa.selenium.SessionNotCreatedException"><![CDATA[org.openqa.selenium.SessionNotCreatedException: session not created
from timeout: Timed out receiving message from renderer: 600.000
  (Session info: chrome=87.0.4280.141)
Build info: version: '3.141.59', revision: 'e82be7d358', time: '2018-11-14T08:17:03'
System info: host: 'DESKTOP-VKFFR14', ip: '192.168.101.245', os.name: 'Windows 10', os.arch: 'amd64', os.version: '10.0', java.version: '11'
Driver info: driver.version: ChromeDriver
remote stacktrace: Backtrace:
	Ordinal0 [0x00F5C0C3+3326147]
	Ordinal0 [0x00E40851+2164817]
	Ordinal0 [0x00CC7298+619160]
	Ordinal0 [0x00CBB17F+569727]
	Ordinal0 [0x00CBA421+566305]
	Ordinal0 [0x00CBA815+567317]
	Ordinal0 [0x00CBA135+565557]
	Ordinal0 [0x00CC38B1+604337]
	Ordinal0 [0x00CBA0F1+565489]
	Ordinal0 [0x00CBAEA2+568994]
	Ordinal0 [0x00CBA421+566305]
	Ordinal0 [0x00CBA815+567317]
	Ordinal0 [0x00CBA135+565557]
	Ordinal0 [0x00CC1D2C+597292]
	Ordinal0 [0x00CBA0F1+565489]
	Ordinal0 [0x00CBAEA2+568994]
	Ordinal0 [0x00CBA421+566305]
	Ordinal0 [0x00CBA815+567317]
	Ordinal0 [0x00CBA135+565557]
	Ordinal0 [0x00CBFE62+589410]
	Ordinal0 [0x00CBA0F1+565489]
	Ordinal0 [0x00CBAEA2+568994]
	Ordinal0 [0x00CBA421+566305]
	Ordinal0 [0x00CBA815+567317]
	Ordinal0 [0x00CBA135+565557]
	Ordinal0 [0x00CBF075+585845]
	Ordinal0 [0x00CBA0F1+565489]
	Ordinal0 [0x00CBAEA2+568994]
	Ordinal0 [0x00CBA421+566305]
	Ordinal0 [0x00CBA815+567317]
	Ordinal0 [0x00CBA135+565557]
	Ordinal0 [0x00CB6776+550774]
	Ordinal0 [0x00CBA0F1+565489]
	Ordinal0 [0x00CB9F13+565011]
	Ordinal0 [0x00CB9D07+564487]
	Ordinal0 [0x00CC82C0+623296]
	Ordinal0 [0x00C66BDD+224221]
	Ordinal0 [0x00C65CAC+220332]
	Ordinal0 [0x00C6189B+202907]
	Ordinal0 [0x00C43DF4+81396]
	Ordinal0 [0x00C44DEE+85486]
	Ordinal0 [0x00C44D79+85369]
	Ordinal0 [0x00E585DC+2262492]
	GetHandleVerifier [0x010E2874+1487204]
	GetHandleVerifier [0x010E23CD+1486013]
	GetHandleVerifier [0x010EA368+1518680]
	GetHandleVerifier [0x010E2F4E+1488958]
	Ordinal0 [0x00E4ED0D+2223373]
	Ordinal0 [0x00E5A12B+2269483]
	Ordinal0 [0x00E5A26F+2269807]
	Ordinal0 [0x00E6ECB8+2354360]
	BaseThreadInitThunk [0x7693FA29+25]
	RtlGetAppContainerNamedObjectPath [0x77BF75F4+228]
	RtlGetAppContainerNamedObjectPath [0x77BF75C4+180]

	at java.base/jdk.internal.reflect.NativeConstructorAccessorImpl.newInstance0(Native Method)
	at java.base/jdk.internal.reflect.NativeConstructorAccessorImpl.newInstance(NativeConstructorAccessorImpl.java:62)
	at java.base/jdk.internal.reflect.DelegatingConstructorAccessorImpl.newInstance(DelegatingConstructorAccessorImpl.java:45)
	at java.base/java.lang.reflect.Constructor.newInstance(Constructor.java:490)
	at org.openqa.selenium.remote.W3CHandshakeResponse.lambda$errorHandler$0(W3CHandshakeResponse.java:62)
	at org.openqa.selenium.remote.HandshakeResponse.lambda$getResponseFunction$0(HandshakeResponse.java:30)
	at org.openqa.selenium.remote.ProtocolHandshake.lambda$createSession$0(ProtocolHandshake.java:126)
	at java.base/java.util.stream.ReferencePipeline$3$1.accept(ReferencePipeline.java:195)
	at java.base/java.util.Spliterators$ArraySpliterator.tryAdvance(Spliterators.java:958)
	at java.base/java.util.stream.ReferencePipeline.forEachWithCancel(ReferencePipeline.java:127)
	at java.base/java.util.stream.AbstractPipeline.copyIntoWithCancel(AbstractPipeline.java:502)
	at java.base/java.util.stream.AbstractPipeline.copyInto(AbstractPipeline.java:488)
	at java.base/java.util.stream.AbstractPipeline.wrapAndCopyInto(AbstractPipeline.java:474)
	at java.base/java.util.stream.FindOps$FindOp.evaluateSequential(FindOps.java:150)
	at java.base/java.util.stream.AbstractPipeline.evaluate(AbstractPipeline.java:234)
	at java.base/java.util.stream.ReferencePipeline.findFirst(ReferencePipeline.java:543)
	at org.openqa.selenium.remote.ProtocolHandshake.createSession(ProtocolHandshake.java:128)
	at org.openqa.selenium.remote.ProtocolHandshake.createSession(ProtocolHandshake.java:74)
	at org.openqa.selenium.remote.HttpCommandExecutor.execute(HttpCommandExecutor.java:136)
	at org.openqa.selenium.remote.service.DriverCommandExecutor.execute(DriverCommandExecutor.java:83)
	at org.openqa.selenium.remote.RemoteWebDriver.execute(RemoteWebDriver.java:552)
	at org.openqa.selenium.remote.RemoteWebDriver.startSession(RemoteWebDriver.java:213)
	at org.openqa.selenium.remote.RemoteWebDriver.<init>(RemoteWebDriver.java:131)
	at org.openqa.selenium.chrome.ChromeDriver.<init>(ChromeDriver.java:181)
	at org.openqa.selenium.chrome.ChromeDriver.<init>(ChromeDriver.java:168)
	at org.openqa.selenium.chrome.ChromeDriver.<init>(ChromeDriver.java:123)
	at SoftwareTestingAssesment.base.TestBase.setUp(TestBase.java:66)
	at java.base/jdk.internal.reflect.NativeMethodAccessorImpl.invoke0(Native Method)
	at java.base/jdk.internal.reflect.NativeMethodAccessorImpl.invoke(NativeMethodAccessorImpl.java:62)
	at java.base/jdk.internal.reflect.DelegatingMethodAccessorImpl.invoke(DelegatingMethodAccessorImpl.java:43)
	at java.base/java.lang.reflect.Method.invoke(Method.java:566)
	at org.testng.internal.MethodInvocationHelper.invokeMethod(MethodInvocationHelper.java:124)
	at org.testng.internal.MethodInvocationHelper.invokeMethodConsideringTimeout(MethodInvocationHelper.java:59)
	at org.testng.internal.Invoker.invokeConfigurationMethod(Invoker.java:458)
	at org.testng.internal.Invoker.invokeConfigurations(Invoker.java:222)
	at org.testng.internal.Invoker.invokeConfigurations(Invoker.java:142)
	at org.testng.SuiteRunner.privateRun(SuiteRunner.java:401)
	at org.testng.SuiteRunner.run(SuiteRunner.java:364)
	at org.testng.SuiteRunnerWorker.runSuite(SuiteRunnerWorker.java:52)
	at org.testng.SuiteRunnerWorker.run(SuiteRunnerWorker.java:84)
	at org.testng.TestNG.runSuitesSequentially(TestNG.java:1208)
	at org.testng.TestNG.runSuitesLocally(TestNG.java:1137)
	at org.testng.TestNG.runSuites(TestNG.java:1049)
	at org.testng.TestNG.run(TestNG.java:1017)
	at org.apache.maven.surefire.testng.TestNGExecutor.run(TestNGExecutor.java:295)
	at org.apache.maven.surefire.testng.TestNGXmlTestSuite.execute(TestNGXmlTestSuite.java:84)
	at org.apache.maven.surefire.testng.TestNGProvider.invoke(TestNGProvider.java:90)
	at org.apache.maven.surefire.booter.ForkedBooter.invokeProviderInSameClassLoader(ForkedBooter.java:203)
	at org.apache.maven.surefire.booter.ForkedBooter.runSuitesInProcess(ForkedBooter.java:155)
	at org.apache.maven.surefire.booter.ForkedBooter.main(ForkedBooter.java:103)
]]></failure>
    <system-out><![CDATA[[TestNGContentHandler] [WARN] It is strongly recommended to add "<!DOCTYPE suite SYSTEM "http://testng.org/testng-1.0.dtd" >" at the top of your file, otherwise TestNG may fail or not work as expected.
]]></system-out>
    <system-err><![CDATA[Starting ChromeDriver 87.0.4280.88 (89e2380a3e36c3464b5dd1302349b1382549290d-refs/branch-heads/4280@{#1761}) on port 4668
Only local connections are allowed.
Please see https://chromedriver.chromium.org/security-considerations for suggestions on keeping ChromeDriver safe.
ChromeDriver was started successfully.
[1612979774.469][SEVERE]: Timed out receiving message from renderer: 600.000
]]></system-err>
  </testcase>
  <testcase name="loginDemoSite" classname="SoftwareTestingAssesment.TestCases.LoginTest" time="0">
    <skipped/>
  </testcase>
  <testcase name="tearDown" classname="SoftwareTestingAssesment.TestCases.LoginTest" time="0">
    <skipped/>
    <system-err><![CDATA[log4j:WARN No appenders could be found for logger (freemarker.cache).
log4j:WARN Please initialize the log4j system properly.
log4j:WARN See http://logging.apache.org/log4j/1.2/faq.html#noconfig for more info.
]]></system-err>
  </testcase>
</testsuite>