<?xml version="1.0" encoding="UTF-8"?>
<testng-results ignored="0" total="1" passed="1" failed="0" skipped="0">
  <reporter-output>
  </reporter-output>
  <suite started-at="2021-02-10T17:36:20Z" name="Demo assessment" finished-at="2021-02-10T17:39:06Z" duration-ms="166255">
    <groups>
    </groups>
    <test started-at="2021-02-10T17:36:20Z" name="LoginTest" finished-at="2021-02-10T17:39:06Z" duration-ms="166255">
      <class name="SoftwareTestingAssesment.TestCases.LoginTest">
        <test-method is-config="true" signature="setUp()[pri:0, instance:SoftwareTestingAssesment.TestCases.LoginTest@6d026701]" started-at="2021-02-10T17:36:15Z" name="setUp" finished-at="2021-02-10T17:36:20Z" duration-ms="5007" status="PASS">
          <reporter-output>
          </reporter-output>
        </test-method> <!-- setUp -->
        <test-method signature="loginDemoSite()[pri:0, instance:SoftwareTestingAssesment.TestCases.LoginTest@6d026701]" started-at="2021-02-10T17:36:20Z" name="loginDemoSite" finished-at="2021-02-10T17:39:06Z" duration-ms="165967" status="PASS">
          <reporter-output>
          </reporter-output>
        </test-method> <!-- loginDemoSite -->
        <test-method is-config="true" signature="tearDown()[pri:0, instance:SoftwareTestingAssesment.TestCases.LoginTest@6d026701]" started-at="2021-02-10T17:39:07Z" name="tearDown" finished-at="2021-02-10T17:39:08Z" duration-ms="1348" status="PASS">
          <reporter-output>
          </reporter-output>
        </test-method> <!-- tearDown -->
      </class> <!-- SoftwareTestingAssesment.TestCases.LoginTest -->
    </test> <!-- LoginTest -->
  </suite> <!-- Demo assessment -->
</testng-results>
