<?xml version="1.0" encoding="UTF-8"?>
<!-- Generated by org.testng.reporters.JUnitXMLReporter -->
<testsuite ignored="0" hostname="DESKTOP-VKFFR14" failures="1" tests="1" name="LoginTest" time="5.406" errors="0" timestamp="2021-02-09T20:06:15 SAST">
  <testcase classname="SoftwareTestingAssesment.TestCases.LoginTest" name="loginDemoSite" time="5.16">
    <failure type="java.lang.AssertionError">
      <![CDATA[java.lang.AssertionError
at org.junit.Assert.fail(Assert.java:86)
at org.junit.Assert.assertTrue(Assert.java:41)
at org.junit.Assert.assertTrue(Assert.java:52)
at SoftwareTestingAssesment.TestCases.LoginTest.loginDemoSite(LoginTest.java:30)
at java.base/java.util.ArrayList.forEach(ArrayList.java:1511)
... Removed 27 stack frames]]>
    </failure>
  </testcase> <!-- loginDemoSite -->
</testsuite> <!-- LoginTest -->
